<?xml version="1.0" encoding="UTF-8"?>
<!-- Generated by org.testng.reporters.JUnitReportReporter -->
<testsuite hostname="LGDN14463" failures="0" tests="1" name="testCase.TC_JOOMLA_BANNERS_011_VerifyThatUserCanCreateManyBannersByUsingSaveNewButton" time="24.917" errors="1" timestamp="28 Feb 2018 09:48:31 GMT" skipped="0">
  <testcase classname="testCase.TC_JOOMLA_BANNERS_011_VerifyThatUserCanCreateManyBannersByUsingSaveNewButton" name="Login" time="24.917">
    <error message="Timed out waiting for page load.
Command duration or timeout: 0 milliseconds" type="org.openqa.selenium.TimeoutException">
      <![CDATA[org.openqa.selenium.TimeoutException: Timed out waiting for page load.Command duration or timeout: 0 millisecondsat java.base/jdk.internal.reflect.NativeConstructorAccessorImpl.newInstance0(Native Method)at java.base/jdk.internal.reflect.NativeConstructorAccessorImpl.newInstance(Unknown Source)at java.base/jdk.internal.reflect.DelegatingConstructorAccessorImpl.newInstance(Unknown Source)at java.base/java.lang.reflect.Constructor.newInstance(Unknown Source)at org.openqa.selenium.remote.ErrorHandler.createThrowable(ErrorHandler.java:214)at org.openqa.selenium.remote.ErrorHandler.throwIfResponseFailed(ErrorHandler.java:166)at org.openqa.selenium.remote.http.JsonHttpResponseCodec.reconstructValue(JsonHttpResponseCodec.java:40)at org.openqa.selenium.remote.http.AbstractHttpResponseCodec.decode(AbstractHttpResponseCodec.java:80)at org.openqa.selenium.remote.http.AbstractHttpResponseCodec.decode(AbstractHttpResponseCodec.java:44)at org.openqa.selenium.remote.HttpCommandExecutor.execute(HttpCommandExecutor.java:164)at org.openqa.selenium.remote.service.DriverCommandExecutor.execute(DriverCommandExecutor.java:83)at org.openqa.selenium.remote.RemoteWebDriver.execute(RemoteWebDriver.java:601)at org.openqa.selenium.remote.RemoteWebElement.execute(RemoteWebElement.java:279)at org.openqa.selenium.remote.RemoteWebElement.click(RemoteWebElement.java:83)at action.Action.click(Action.java:48)at action.LoginPage.clickBtnLogin(LoginPage.java:43)at testCase.TC_JOOMLA_BANNERS_011_VerifyThatUserCanCreateManyBannersByUsingSaveNewButton.Login(TC_JOOMLA_BANNERS_011_VerifyThatUserCanCreateManyBannersByUsingSaveNewButton.java:57)at java.base/jdk.internal.reflect.NativeMethodAccessorImpl.invoke0(Native Method)at java.base/jdk.internal.reflect.NativeMethodAccessorImpl.invoke(Unknown Source)at java.base/jdk.internal.reflect.DelegatingMethodAccessorImpl.invoke(Unknown Source)at java.base/java.lang.reflect.Method.invoke(Unknown Source)at org.testng.internal.MethodInvocationHelper.invokeMethod(MethodInvocationHelper.java:124)at org.testng.internal.Invoker.invokeMethod(Invoker.java:571)at org.testng.internal.Invoker.invokeTestMethod(Invoker.java:707)at org.testng.internal.Invoker.invokeTestMethods(Invoker.java:979)at org.testng.internal.TestMethodWorker.invokeTestMethods(TestMethodWorker.java:125)at org.testng.internal.TestMethodWorker.run(TestMethodWorker.java:109)at org.testng.TestRunner.privateRun(TestRunner.java:648)at org.testng.TestRunner.run(TestRunner.java:505)at org.testng.SuiteRunner.runTest(SuiteRunner.java:455)at org.testng.SuiteRunner.runSequentially(SuiteRunner.java:450)at org.testng.SuiteRunner.privateRun(SuiteRunner.java:415)at org.testng.SuiteRunner.run(SuiteRunner.java:364)at org.testng.SuiteRunnerWorker.runSuite(SuiteRunnerWorker.java:52)at org.testng.SuiteRunnerWorker.run(SuiteRunnerWorker.java:84)at org.testng.TestNG.runSuitesSequentially(TestNG.java:1187)at org.testng.TestNG.runSuitesLocally(TestNG.java:1116)at org.testng.TestNG.runSuites(TestNG.java:1028)at org.testng.TestNG.run(TestNG.java:996)at org.testng.remote.AbstractRemoteTestNG.run(AbstractRemoteTestNG.java:114)at org.testng.remote.RemoteTestNG.initAndRun(RemoteTestNG.java:251)at org.testng.remote.RemoteTestNG.main(RemoteTestNG.java:77)Caused by: org.openqa.selenium.TimeoutException: Timed out waiting for page load.Build info: version: '3.8.0', revision: '924c4067df', time: '2017-11-30T11:20:39.408Z'System info: host: 'LGDN14463', ip: '192.168.190.133', os.name: 'Windows 7', os.arch: 'amd64', os.version: '6.1', java.version: '9.0.1'Driver info: driver.version: unknownat <anonymous class>.Utils.installClickListener/f<(file:///C:/Users/INTERN~1.03/AppData/Local/Temp/anonymous18308832866662480488webdriver-profile/extensions/fxdriver@googlecode.com/components/command-processor.js:11211)at <anonymous class>.WebLoadingListener/f(file:///C:/Users/INTERN~1.03/AppData/Local/Temp/anonymous18308832866662480488webdriver-profile/extensions/fxdriver@googlecode.com/components/command-processor.js:8394)at <anonymous class>.WebLoadingListener/<(file:///C:/Users/INTERN~1.03/AppData/Local/Temp/anonymous18308832866662480488webdriver-profile/extensions/fxdriver@googlecode.com/components/command-processor.js:8402)at <anonymous class>.fxdriver.Timer.prototype.setTimeout/<.notify(file:///C:/Users/INTERN~1.03/AppData/Local/Temp/anonymous18308832866662480488webdriver-profile/extensions/fxdriver@googlecode.com/components/command-processor.js:846)]]>
    </error>
  </testcase> <!-- Login -->
</testsuite> <!-- testCase.TC_JOOMLA_BANNERS_011_VerifyThatUserCanCreateManyBannersByUsingSaveNewButton -->
